********************************************************************************
PACKAGE-LOG: 2015-11-19 15:31:49
NOTICE: Do NOT post to public sites or forums 
********************************************************************************
VERSION:	0.5.32
WORDPRESS:	4.3.1
PHP INFO:	5.3.29 | SAPI: cgi-fcgi
SERVER:		Apache/2.2.22 
PHP TIME LIMIT: (0) no time limit imposed 
PHP MAX MEMORY: 5000M (99M default) 
MEMORY STACK: 25.5MB 

********************************************************************************
DATABASE:
********************************************************************************
BUILD MODE:   PHP(query limit - 100)
MYSQLTIMEOUT: 5000
MYSQLDUMP:    Not Supported 
TABLES: total:12 | filtered:0 | create:12 
FILTERED: [] 
SQL CREATED: 20151119_exsasolucioneschile_564dea9d0c2b03820151119152829_database.sql 
file size:612368 
SQL FILE SIZE: 598.02KB 
SQL FILE TIME: 2015-11-19 15:31:50 
SQL RUNTIME: 0.24 sec. 

******************************************************************************** 
ARCHIVE (ZIP): 
******************************************************************************** 
ARCHIVE DIR:  /nfs/c05/h06/mnt/77722/domains/exsasoluciones.pe/html 
ARCHIVE FILE: 20151119_exsasolucioneschile_564dea9d0c2b03820151119152829_archive.zip 
FILTERS: *OFF* 
DIRS:  not set 
EXTS:  not set 
---------------------------------------- 
COMPRESSING 
SIZE:	63.57MB 
STATS:	Dirs 232 | Files 2,058 
SQL ADDED: 20151119_exsasolucioneschile_564dea9d0c2b03820151119152829_database.sql 
ZipArchive Object
(
    [status] => 0
    [statusSys] => 0
    [numFiles] => 2290
    [filename] => /nfs/c05/h06/mnt/77722/domains/exsasoluciones.pe/html/wp-snapshots/tmp/20151119_exsasolucioneschile_564dea9d0c2b03820151119152829_archive.zip
    [comment] => 
)
 
COMPRESSION RESULT: '1' 
COMPRESSED SIZE: 44.13MB 
ARCHIVE RUNTIME: 17.96 sec. 
MEMORY STACK: 26.75MB 

******************************************************************************** 
MAKE INSTALLER: 
******************************************************************************** 
Build Start 
Build Finished 
Preping for use 
Template parsed with new data 
Complete [/nfs/c05/h06/mnt/77722/domains/exsasoluciones.pe/html/wp-snapshots/tmp/20151119_exsasolucioneschile_564dea9d0c2b03820151119152829_installer.php] 
Added to archive 

******************************************************************************** 
INTEGRITY CHECKS: 
******************************************************************************** 
SQL File: 598.02KB 
Installer File: 318.03KB 
Archive File: 44.13MB  

********************************************************************************
RECORD ID:[2]
TOTAL PROCESS RUNTIME: 19.56 sec.
PEAK PHP MEMORY USED: 28.75MB
DONE PROCESSING => 20151119_exsasolucioneschile 2015-11-19 15:32:09
 
