********************************************************************************
PACKAGE-LOG: 2015-11-19 15:42:43
NOTICE: Do NOT post to public sites or forums 
********************************************************************************
VERSION:	0.5.34
WORDPRESS:	4.3.1
PHP INFO:	5.3.29 | SAPI: cgi-fcgi
SERVER:		Apache/2.2.22 
PHP TIME LIMIT: (0) no time limit imposed 
PHP MAX MEMORY: 5000M (99M default) 
MEMORY STACK: 25.5MB 

********************************************************************************
DATABASE:
********************************************************************************
BUILD MODE:   PHP(query limit - 100)
MYSQLTIMEOUT: 5000
MYSQLDUMP:    Not Supported 
TABLES: total:12 | filtered:0 | create:12 
FILTERED: [] 
SQL CREATED: 20151119_exsasolucionesperu_564dedd2f018c6001151119154210_database.sql 
file size:611691 
SQL FILE SIZE: 597.35KB 
SQL FILE TIME: 2015-11-19 15:42:44 
SQL RUNTIME: 0.25 sec. 

******************************************************************************** 
ARCHIVE (ZIP): 
******************************************************************************** 
ARCHIVE DIR:  /nfs/c05/h06/mnt/77722/domains/exsasoluciones.pe/html 
ARCHIVE FILE: 20151119_exsasolucionesperu_564dedd2f018c6001151119154210_archive.zip 
FILTERS: *OFF* 
DIRS:  not set 
EXTS:  not set 
---------------------------------------- 
COMPRESSING 
SIZE:	64.41MB 
STATS:	Dirs 234 | Files 2,061 
SQL ADDED: 20151119_exsasolucionesperu_564dedd2f018c6001151119154210_database.sql 
ZipArchive Object
(
    [status] => 0
    [statusSys] => 0
    [numFiles] => 2295
    [filename] => /nfs/c05/h06/mnt/77722/domains/exsasoluciones.pe/html/wp-snapshots/tmp/20151119_exsasolucionesperu_564dedd2f018c6001151119154210_archive.zip
    [comment] => 
)
 
COMPRESSION RESULT: '1' 
COMPRESSED SIZE: 44.94MB 
ARCHIVE RUNTIME: 12.01 sec. 
MEMORY STACK: 26.75MB 

******************************************************************************** 
MAKE INSTALLER: 
******************************************************************************** 
Build Start 
Build Finished 
Preping for use 
Template parsed with new data 
Complete [/nfs/c05/h06/mnt/77722/domains/exsasoluciones.pe/html/wp-snapshots/tmp/20151119_exsasolucionesperu_564dedd2f018c6001151119154210_installer.php] 
Added to archive 

******************************************************************************** 
INTEGRITY CHECKS: 
******************************************************************************** 
SQL File: 597.35KB 
Installer File: 318.03KB 
Archive File: 44.94MB  

********************************************************************************
RECORD ID:[1]
TOTAL PROCESS RUNTIME: 13.70 sec.
PEAK PHP MEMORY USED: 28.75MB
DONE PROCESSING => 20151119_exsasolucionesperu 2015-11-19 15:42:57
 
